<?xml version="1.0" encoding="UTF-8"?>
<testng-results skipped="0" failed="0" ignored="0" total="3" passed="3">
  <reporter-output>
  </reporter-output>
  <suite name="Default suite" duration-ms="46956" started-at="2019-04-04T11:33:38Z" finished-at="2019-04-04T11:34:25Z">
    <groups>
    </groups>
    <test name="Default test" duration-ms="46956" started-at="2019-04-04T11:33:38Z" finished-at="2019-04-04T11:34:25Z">
      <class name="com.training.sanity.tests.RETC_067_TEST">
        <test-method status="PASS" signature="bfrSuit()[pri:0, instance:com.training.sanity.tests.RETC_067_TEST@13b32d7]" name="bfrSuit" is-config="true" duration-ms="22" started-at="2019-04-04T11:33:38Z" finished-at="2019-04-04T11:33:38Z">
          <reporter-output>
          </reporter-output>
        </test-method> <!-- bfrSuit -->
        <test-method status="PASS" signature="bftTest()[pri:0, instance:com.training.sanity.tests.RETC_067_TEST@13b32d7]" name="bftTest" is-config="true" duration-ms="37976" started-at="2019-04-04T11:33:38Z" finished-at="2019-04-04T11:34:16Z">
          <reporter-output>
          </reporter-output>
        </test-method> <!-- bftTest -->
        <test-method status="PASS" signature="clickOnNewLaunch()[pri:1, instance:com.training.sanity.tests.RETC_067_TEST@13b32d7]" name="clickOnNewLaunch" duration-ms="4913" started-at="2019-04-04T11:34:16Z" finished-at="2019-04-04T11:34:21Z">
          <reporter-output>
          </reporter-output>
        </test-method> <!-- clickOnNewLaunch -->
        <test-method status="PASS" signature="enterCredential(java.lang.String, java.lang.String, java.lang.String, java.lang.String)[pri:2, instance:com.training.sanity.tests.RETC_067_TEST@13b32d7]" name="enterCredential" duration-ms="1228" started-at="2019-04-04T11:34:23Z" data-provider="db-inputs" finished-at="2019-04-04T11:34:25Z">
          <params>
            <param index="0">
              <value>
                <![CDATA[Alex]]>
              </value>
            </param>
            <param index="1">
              <value>
                <![CDATA[alex@gmail.com]]>
              </value>
            </param>
            <param index="2">
              <value>
                <![CDATA[plots]]>
              </value>
            </param>
            <param index="3">
              <value>
                <![CDATA[alex@gmail.com]]>
              </value>
            </param>
          </params>
          <reporter-output>
          </reporter-output>
        </test-method> <!-- enterCredential -->
        <test-method status="PASS" signature="enterCredential(java.lang.String, java.lang.String, java.lang.String, java.lang.String)[pri:2, instance:com.training.sanity.tests.RETC_067_TEST@13b32d7]" name="enterCredential" duration-ms="693" started-at="2019-04-04T11:34:25Z" data-provider="db-inputs" finished-at="2019-04-04T11:34:25Z">
          <params>
            <param index="0">
              <value>
                <![CDATA[Sam]]>
              </value>
            </param>
            <param index="1">
              <value>
                <![CDATA[sam@gmail.com]]>
              </value>
            </param>
            <param index="2">
              <value>
                <![CDATA[villas]]>
              </value>
            </param>
            <param index="3">
              <value>
                <![CDATA[sam@gmail.com]]>
              </value>
            </param>
          </params>
          <reporter-output>
          </reporter-output>
        </test-method> <!-- enterCredential -->
      </class> <!-- com.training.sanity.tests.RETC_067_TEST -->
    </test> <!-- Default test -->
  </suite> <!-- Default suite -->
</testng-results>
