<?xml version="1.0" encoding="UTF-8"?>
<testng-results skipped="0" failed="0" ignored="0" total="1" passed="1">
  <reporter-output>
  </reporter-output>
  <suite name="Default suite" duration-ms="52883" started-at="2019-03-13T04:13:30Z" finished-at="2019-03-13T04:14:23Z">
    <groups>
    </groups>
    <test name="Default test" duration-ms="52883" started-at="2019-03-13T04:13:30Z" finished-at="2019-03-13T04:14:23Z">
      <class name="com.training.sanity.tests.RETC_006_TEST">
        <test-method status="PASS" signature="setUpBeforeClass()[pri:0, instance:com.training.sanity.tests.RETC_006_TEST@41eaa2]" name="setUpBeforeClass" is-config="true" duration-ms="47" started-at="2019-03-13T04:13:30Z" finished-at="2019-03-13T04:13:30Z">
          <reporter-output>
          </reporter-output>
        </test-method> <!-- setUpBeforeClass -->
        <test-method status="PASS" signature="setUp()[pri:0, instance:com.training.sanity.tests.RETC_006_TEST@41eaa2]" name="setUp" is-config="true" duration-ms="34959" started-at="2019-03-13T04:13:30Z" finished-at="2019-03-13T04:14:05Z">
          <reporter-output>
          </reporter-output>
        </test-method> <!-- setUp -->
        <test-method status="PASS" signature="clickLoginRegister()[pri:0, instance:com.training.sanity.tests.RETC_006_TEST@41eaa2]" name="clickLoginRegister" duration-ms="16840" started-at="2019-03-13T04:14:05Z" finished-at="2019-03-13T04:14:22Z">
          <reporter-output>
          </reporter-output>
        </test-method> <!-- clickLoginRegister -->
        <test-method status="PASS" signature="tearDown()[pri:0, instance:com.training.sanity.tests.RETC_006_TEST@41eaa2]" name="tearDown" is-config="true" duration-ms="1000" started-at="2019-03-13T04:14:22Z" finished-at="2019-03-13T04:14:23Z">
          <reporter-output>
          </reporter-output>
        </test-method> <!-- tearDown -->
      </class> <!-- com.training.sanity.tests.RETC_006_TEST -->
    </test> <!-- Default test -->
  </suite> <!-- Default suite -->
</testng-results>
