<?xml version="1.0" encoding="UTF-8"?>
<!-- Generated by org.testng.reporters.JUnitXMLReporter -->
<testsuite hostname="DESKTOP-ISN1DIN" ignored="0" name="Default test" tests="3" failures="0" timestamp="04 Apr 2019 11:34:25 GMT" time="46.956" errors="0">
  <testcase name="clickOnNewLaunch" time="4.913" classname="com.training.sanity.tests.RETC_067_TEST"/>
  <testcase name="enterCredential" time="1.228" classname="com.training.sanity.tests.RETC_067_TEST"/>
  <testcase name="enterCredential" time="0.693" classname="com.training.sanity.tests.RETC_067_TEST"/>
</testsuite> <!-- Default test -->
